# JRE version: OpenJDK Runtime Environment Microsoft-13877171 (21.0.11+10) (build 21.0.11+10-LTS)
# Java VM: OpenJDK 64-Bit Server VM Microsoft-13877171 (21.0.11+10-LTS, mixed mode, sharing, tiered, compressed oops, compressed class ptrs, g1 gc, windows-amd64)
GC Precious Log:
 CardTable entry size: 512
 Card Set container configuration: InlinePtr #cards 4 size 8 Array Of Cards #cards 16 size 48 Howl #buckets 8 coarsen threshold 3686 Howl Bitmap #cards 512 size 80 coarsen threshold 460 Card regions per heap region 1 cards per card region 4096
 CPUs: 12 total, 12 available
 Memory: 16052M
 Large Page Support: Disabled
 NUMA Support: Disabled
 Compressed Oops: Enabled (Zero based)
 Heap Region Size: 2M
 Heap Min Capacity: 8M
 Heap Initial Capacity: 252M
 Heap Max Capacity: 4014M
 Pre-touch: Disabled
 Parallel Workers: 10
 Concurrent Workers: 3
 Concurrent Refinement Workers: 10
 Periodic GC: Disabled
Heap:
 garbage-first heap   total 364544K, used 98933K [0x0000000705200000, 0x0000000800000000)
  region size 2048K, 1 young (2048K), 1 survivors (2048K)
 Metaspace       used 16904K, committed 17344K, reserved 1114112K
  class space    used 2343K, committed 2560K, reserved 1048576K
GC Heap History (20 events):
Event: 13.390 GC heap after
{Heap after GC invocations=9 (full 0):
 garbage-first heap   total 364544K, used 78518K [0x0000000705200000, 0x0000000800000000)
  region size 2048K, 4 young (8192K), 4 survivors (8192K)
 Metaspace       used 16781K, committed 17152K, reserved 1114112K
  class space    used 2343K, committed 2496K, reserved 1048576K
}
Event: 14.367 GC heap before
{Heap before GC invocations=9 (full 0):
 garbage-first heap   total 364544K, used 187062K [0x0000000705200000, 0x0000000800000000)
  region size 2048K, 15 young (30720K), 4 survivors (8192K)
 Metaspace       used 16813K, committed 17216K, reserved 1114112K
  class space    used 2343K, committed 2560K, reserved 1048576K
}
Event: 14.373 GC heap after
{Heap after GC invocations=10 (full 0):
 garbage-first heap   total 364544K, used 84756K [0x0000000705200000, 0x0000000800000000)
  region size 2048K, 4 young (8192K), 4 survivors (8192K)
 Metaspace       used 16813K, committed 17216K, reserved 1114112K
  class space    used 2343K, committed 2560K, reserved 1048576K
}
Event: 16.110 GC heap before
{Heap before GC invocations=10 (full 0):
 garbage-first heap   total 364544K, used 189204K [0x0000000705200000, 0x0000000800000000)
  region size 2048K, 16 young (32768K), 4 survivors (8192K)
 Metaspace       used 16847K, committed 17216K, reserved 1114112K
  class space    used 2343K, committed 2560K, reserved 1048576K
}
Event: 16.114 GC heap after
{Heap after GC invocations=11 (full 0):
 garbage-first heap   total 364544K, used 66232K [0x0000000705200000, 0x0000000800000000)
  region size 2048K, 4 young (8192K), 4 survivors (8192K)
 Metaspace       used 16847K, committed 17216K, reserved 1114112K
  class space    used 2343K, committed 2560K, reserved 1048576K
}
Event: 16.868 GC heap before
{Heap before GC invocations=11 (full 0):
 garbage-first heap   total 364544K, used 191160K [0x0000000705200000, 0x0000000800000000)
  region size 2048K, 17 young (34816K), 4 survivors (8192K)
 Metaspace       used 16879K, committed 17344K, reserved 1114112K
  class space    used 2343K, committed 2560K, reserved 1048576K
}
Event: 16.871 GC heap after
{Heap after GC invocations=12 (full 0):
 garbage-first heap   total 364544K, used 109247K [0x0000000705200000, 0x0000000800000000)
  region size 2048K, 4 young (8192K), 4 survivors (8192K)
 Metaspace       used 16879K, committed 17344K, reserved 1114112K
  class space    used 2343K, committed 2560K, reserved 1048576K
}
Event: 17.430 GC heap before
{Heap before GC invocations=13 (full 0):
 garbage-first heap   total 364544K, used 180927K [0x0000000705200000, 0x0000000800000000)
  region size 2048K, 12 young (24576K), 4 survivors (8192K)
 Metaspace       used 16889K, committed 17344K, reserved 1114112K
  class space    used 2343K, committed 2560K, reserved 1048576K
}
Event: 17.433 GC heap after
{Heap after GC invocations=14 (full 0):
 garbage-first heap   total 364544K, used 105317K [0x0000000705200000, 0x0000000800000000)
  region size 2048K, 4 young (8192K), 4 survivors (8192K)
 Metaspace       used 16889K, committed 17344K, reserved 1114112K
  class space    used 2343K, committed 2560K, reserved 1048576K
}
Event: 17.924 GC heap before
{Heap before GC invocations=14 (full 0):
 garbage-first heap   total 364544K, used 183141K [0x0000000705200000, 0x0000000800000000)
  region size 2048K, 13 young (26624K), 4 survivors (8192K)
 Metaspace       used 16898K, committed 17344K, reserved 1114112K
  class space    used 2343K, committed 2560K, reserved 1048576K
}
Event: 17.928 GC heap after
{Heap after GC invocations=15 (full 0):
 garbage-first heap   total 364544K, used 111027K [0x0000000705200000, 0x0000000800000000)
  region size 2048K, 4 young (8192K), 4 survivors (8192K)
 Metaspace       used 16898K, committed 17344K, reserved 1114112K
  class space    used 2343K, committed 2560K, reserved 1048576K
}
Event: 18.320 GC heap before
{Heap before GC invocations=15 (full 0):
 garbage-first heap   total 364544K, used 180659K [0x0000000705200000, 0x0000000800000000)
  region size 2048K, 12 young (24576K), 4 survivors (8192K)
 Metaspace       used 16900K, committed 17344K, reserved 1114112K
  class space    used 2343K, committed 2560K, reserved 1048576K
}
Event: 18.325 GC heap after
{Heap after GC invocations=16 (full 0):
 garbage-first heap   total 364544K, used 100610K [0x0000000705200000, 0x0000000800000000)
  region size 2048K, 3 young (6144K), 3 survivors (6144K)
 Metaspace       used 16900K, committed 17344K, reserved 1114112K
  class space    used 2343K, committed 2560K, reserved 1048576K
}
Event: 18.891 GC heap before
{Heap before GC invocations=16 (full 0):
 garbage-first heap   total 364544K, used 184578K [0x0000000705200000, 0x0000000800000000)
  region size 2048K, 13 young (26624K), 3 survivors (6144K)
 Metaspace       used 16902K, committed 17344K, reserved 1114112K
  class space    used 2343K, committed 2560K, reserved 1048576K
}
Event: 18.894 GC heap after
{Heap after GC invocations=17 (full 0):
 garbage-first heap   total 364544K, used 125444K [0x0000000705200000, 0x0000000800000000)
  region size 2048K, 4 young (8192K), 4 survivors (8192K)
 Metaspace       used 16902K, committed 17344K, reserved 1114112K
  class space    used 2343K, committed 2560K, reserved 1048576K
}
Event: 19.119 GC heap before
{Heap before GC invocations=17 (full 0):
 garbage-first heap   total 364544K, used 178692K [0x0000000705200000, 0x0000000800000000)
  region size 2048K, 11 young (22528K), 4 survivors (8192K)
 Metaspace       used 16903K, committed 17344K, reserved 1114112K
  class space    used 2343K, committed 2560K, reserved 1048576K
}
Event: 19.125 GC heap after
{Heap after GC invocations=18 (full 0):
 garbage-first heap   total 364544K, used 113331K [0x0000000705200000, 0x0000000800000000)
  region size 2048K, 4 young (8192K), 4 survivors (8192K)
 Metaspace       used 16903K, committed 17344K, reserved 1114112K
  class space    used 2343K, committed 2560K, reserved 1048576K
}
Event: 19.415 GC heap before
{Heap before GC invocations=18 (full 0):
 garbage-first heap   total 364544K, used 182963K [0x0000000705200000, 0x0000000800000000)
  region size 2048K, 13 young (26624K), 4 survivors (8192K)
 Metaspace       used 16904K, committed 17344K, reserved 1114112K
  class space    used 2343K, committed 2560K, reserved 1048576K
}
Event: 19.420 GC heap after
{Heap after GC invocations=19 (full 0):
 garbage-first heap   total 364544K, used 105100K [0x0000000705200000, 0x0000000800000000)
  region size 2048K, 1 young (2048K), 1 survivors (2048K)
 Metaspace       used 16904K, committed 17344K, reserved 1114112K
  class space    used 2343K, committed 2560K, reserved 1048576K
}
Event: 20.055 GC heap before
{Heap before GC invocations=19 (full 0):
 garbage-first heap   total 364544K, used 178828K [0x0000000705200000, 0x0000000800000000)
  region size 2048K, 11 young (22528K), 1 survivors (2048K)
 Metaspace       used 16904K, committed 17344K, reserved 1114112K
  class space    used 2343K, committed 2560K, reserved 1048576K
}

