# JRE version: OpenJDK Runtime Environment Microsoft-13877171 (21.0.11+10) (build 21.0.11+10-LTS)
# Java VM: OpenJDK 64-Bit Server VM Microsoft-13877171 (21.0.11+10-LTS, mixed mode, sharing, tiered, compressed oops, compressed class ptrs, g1 gc, windows-amd64)
GC Precious Log:
 CardTable entry size: 512
 Card Set container configuration: InlinePtr #cards 4 size 8 Array Of Cards #cards 16 size 48 Howl #buckets 8 coarsen threshold 3686 Howl Bitmap #cards 512 size 80 coarsen threshold 460 Card regions per heap region 1 cards per card region 4096
 CPUs: 12 total, 12 available
 Memory: 16052M
 Large Page Support: Disabled
 NUMA Support: Disabled
 Compressed Oops: Enabled (Zero based)
 Heap Region Size: 2M
 Heap Min Capacity: 8M
 Heap Initial Capacity: 252M
 Heap Max Capacity: 4014M
 Pre-touch: Disabled
 Parallel Workers: 10
 Concurrent Workers: 3
 Concurrent Refinement Workers: 10
 Periodic GC: Disabled
Heap:
 garbage-first heap   total 258048K, used 131623K [0x0000000705200000, 0x0000000800000000)
  region size 2048K, 1 young (2048K), 1 survivors (2048K)
 Metaspace       used 16763K, committed 17216K, reserved 1114112K
  class space    used 2347K, committed 2560K, reserved 1048576K
GC Heap History (15 events):
Event: 0.788 GC heap before
{Heap before GC invocations=0 (full 0):
 garbage-first heap   total 258048K, used 22528K [0x0000000705200000, 0x0000000800000000)
  region size 2048K, 11 young (22528K), 0 survivors (0K)
 Metaspace       used 3862K, committed 4096K, reserved 1114112K
  class space    used 414K, committed 512K, reserved 1048576K
}
Event: 0.792 GC heap after
{Heap after GC invocations=1 (full 0):
 garbage-first heap   total 258048K, used 2634K [0x0000000705200000, 0x0000000800000000)
  region size 2048K, 2 young (4096K), 2 survivors (4096K)
 Metaspace       used 3862K, committed 4096K, reserved 1114112K
  class space    used 414K, committed 512K, reserved 1048576K
}
Event: 1.904 GC heap before
{Heap before GC invocations=1 (full 0):
 garbage-first heap   total 258048K, used 43594K [0x0000000705200000, 0x0000000800000000)
  region size 2048K, 22 young (45056K), 2 survivors (4096K)
 Metaspace       used 12998K, committed 13440K, reserved 1114112K
  class space    used 1845K, committed 2048K, reserved 1048576K
}
Event: 1.911 GC heap after
{Heap after GC invocations=2 (full 0):
 garbage-first heap   total 258048K, used 8634K [0x0000000705200000, 0x0000000800000000)
  region size 2048K, 3 young (6144K), 3 survivors (6144K)
 Metaspace       used 12998K, committed 13440K, reserved 1114112K
  class space    used 1845K, committed 2048K, reserved 1048576K
}
Event: 13.920 GC heap before
{Heap before GC invocations=2 (full 0):
 garbage-first heap   total 258048K, used 184762K [0x0000000705200000, 0x0000000800000000)
  region size 2048K, 36 young (73728K), 3 survivors (6144K)
 Metaspace       used 16762K, committed 17216K, reserved 1114112K
  class space    used 2347K, committed 2560K, reserved 1048576K
}
Event: 13.931 GC heap after
{Heap after GC invocations=3 (full 0):
 garbage-first heap   total 258048K, used 103125K [0x0000000705200000, 0x0000000800000000)
  region size 2048K, 7 young (14336K), 7 survivors (14336K)
 Metaspace       used 16762K, committed 17216K, reserved 1114112K
  class space    used 2347K, committed 2560K, reserved 1048576K
}
Event: 14.034 GC heap before
{Heap before GC invocations=3 (full 0):
 garbage-first heap   total 258048K, used 129749K [0x0000000705200000, 0x0000000800000000)
  region size 2048K, 11 young (22528K), 7 survivors (14336K)
 Metaspace       used 16763K, committed 17216K, reserved 1114112K
  class space    used 2347K, committed 2560K, reserved 1048576K
}
Event: 14.041 GC heap after
{Heap after GC invocations=4 (full 0):
 garbage-first heap   total 258048K, used 112476K [0x0000000705200000, 0x0000000800000000)
  region size 2048K, 4 young (8192K), 4 survivors (8192K)
 Metaspace       used 16763K, committed 17216K, reserved 1114112K
  class space    used 2347K, committed 2560K, reserved 1048576K
}
Event: 14.052 GC heap before
{Heap before GC invocations=4 (full 0):
 garbage-first heap   total 258048K, used 122716K [0x0000000705200000, 0x0000000800000000)
  region size 2048K, 6 young (12288K), 4 survivors (8192K)
 Metaspace       used 16763K, committed 17216K, reserved 1114112K
  class space    used 2347K, committed 2560K, reserved 1048576K
}
Event: 14.056 GC heap after
{Heap after GC invocations=5 (full 0):
 garbage-first heap   total 258048K, used 120461K [0x0000000705200000, 0x0000000800000000)
  region size 2048K, 4 young (8192K), 4 survivors (8192K)
 Metaspace       used 16763K, committed 17216K, reserved 1114112K
  class space    used 2347K, committed 2560K, reserved 1048576K
}
Event: 14.062 GC heap before
{Heap before GC invocations=5 (full 0):
 garbage-first heap   total 258048K, used 124557K [0x0000000705200000, 0x0000000800000000)
  region size 2048K, 5 young (10240K), 4 survivors (8192K)
 Metaspace       used 16763K, committed 17216K, reserved 1114112K
  class space    used 2347K, committed 2560K, reserved 1048576K
}
Event: 14.065 GC heap after
{Heap after GC invocations=6 (full 0):
 garbage-first heap   total 258048K, used 124881K [0x0000000705200000, 0x0000000800000000)
  region size 2048K, 4 young (8192K), 4 survivors (8192K)
 Metaspace       used 16763K, committed 17216K, reserved 1114112K
  class space    used 2347K, committed 2560K, reserved 1048576K
}
Event: 14.084 GC heap before
{Heap before GC invocations=7 (full 0):
 garbage-first heap   total 258048K, used 133073K [0x0000000705200000, 0x0000000800000000)
  region size 2048K, 5 young (10240K), 4 survivors (8192K)
 Metaspace       used 16763K, committed 17216K, reserved 1114112K
  class space    used 2347K, committed 2560K, reserved 1048576K
}
Event: 14.087 GC heap after
{Heap after GC invocations=8 (full 0):
 garbage-first heap   total 258048K, used 132998K [0x0000000705200000, 0x0000000800000000)
  region size 2048K, 1 young (2048K), 1 survivors (2048K)
 Metaspace       used 16763K, committed 17216K, reserved 1114112K
  class space    used 2347K, committed 2560K, reserved 1048576K
}
Event: 14.121 GC heap before
{Heap before GC invocations=9 (full 0):
 garbage-first heap   total 258048K, used 137094K [0x0000000705200000, 0x0000000800000000)
  region size 2048K, 2 young (4096K), 1 survivors (2048K)
 Metaspace       used 16763K, committed 17216K, reserved 1114112K
  class space    used 2347K, committed 2560K, reserved 1048576K
}

